[2026/01/18 22:57:38   INFO]           [HytaleServer] Starting HytaleServer
[2026/01/18 22:57:38   INFO]           [HytaleServer] Loading config...
[2026/01/18 22:57:38   INFO]           [HytaleServer] Authentication mode: AUTHENTICATED
[2026/01/18 22:57:39   INFO]      [ServerAuthManager] No server tokens configured. Use /auth login to authenticate, or provide tokens via CLI/environment.
[2026/01/18 22:57:39   INFO]      [ServerAuthManager] Server session ID: bc8be95c-5404-493f-8c2b-7efb222484fc
[2026/01/18 22:57:39   INFO]           [HytaleServer] Enabling Sentry
[2026/01/18 22:57:40   INFO]           [HytaleServer] Booting up HytaleServer - Version: 2026.01.17-4b0f30090, Revision: 4b0f30090ab99c9ce84652006e40c825c555ad98
[2026/01/18 22:57:40   INFO]           [HytaleServer] Setup phase...
[2026/01/18 22:57:41   INFO]          [PluginManager] Loading pending core plugins!
[2026/01/18 22:57:41   INFO]          [PluginManager] - Hytale:ConsoleModule
[2026/01/18 22:57:41   INFO]          [PluginManager] - Hytale:PermissionsModule
[2026/01/18 22:57:41   INFO]          [PluginManager] - Hytale:FlyCameraModule
[2026/01/18 22:57:41   INFO]          [PluginManager] - Hytale:AssetModule
[2026/01/18 22:57:41   INFO]          [PluginManager] - Hytale:CommonAssetModule
[2026/01/18 22:57:41   INFO]          [PluginManager] - Hytale:CosmeticsModule
[2026/01/18 22:57:41   INFO]          [PluginManager] - Hytale:ServerManager
[2026/01/18 22:57:41   INFO]          [PluginManager] - Hytale:I18nModule
[2026/01/18 22:57:41   INFO]          [PluginManager] - Hytale:ItemModule
[2026/01/18 22:57:41   INFO]          [PluginManager] - Hytale:BlockTypeModule
[2026/01/18 22:57:41   INFO]          [PluginManager] - Hytale:LegacyModule
[2026/01/18 22:57:41   INFO]          [PluginManager] - Hytale:BlockModule
[2026/01/18 22:57:41   INFO]          [PluginManager] - Hytale:BlockStateModule
[2026/01/18 22:57:41   INFO]          [PluginManager] - Hytale:CollisionModule
[2026/01/18 22:57:41   INFO]          [PluginManager] - Hytale:BlockSetModule
[2026/01/18 22:57:41   INFO]          [PluginManager] - Hytale:MigrationModule
[2026/01/18 22:57:41   INFO]          [PluginManager] - Hytale:BlockHealthModule
[2026/01/18 22:57:41   INFO]          [PluginManager] - Hytale:PrefabSpawnerModule
[2026/01/18 22:57:41   INFO]          [PluginManager] - Hytale:TimeModule
[2026/01/18 22:57:41   INFO]          [PluginManager] - Hytale:InteractionModule
[2026/01/18 22:57:41   INFO]          [PluginManager] - Hytale:EntityModule
[2026/01/18 22:57:41   INFO]          [PluginManager] - Hytale:EntityStatsModule
[2026/01/18 22:57:41   INFO]          [PluginManager] - Hytale:EntityUIModule
[2026/01/18 22:57:41   INFO]          [PluginManager] - Hytale:DamageModule
[2026/01/18 22:57:41   INFO]          [PluginManager] - Hytale:SplitVelocity
[2026/01/18 22:57:41   INFO]          [PluginManager] - Hytale:StaminaModule
[2026/01/18 22:57:41   INFO]          [PluginManager] - Hytale:DebugPlugin
[2026/01/18 22:57:41   INFO]          [PluginManager] - Hytale:ProjectileModule
[2026/01/18 22:57:41   INFO]          [PluginManager] - Hytale:ServerPlayerListModule
[2026/01/18 22:57:41   INFO]          [PluginManager] - Hytale:AccessControlModule
[2026/01/18 22:57:41   INFO]          [PluginManager] - Hytale:SingleplayerModule
[2026/01/18 22:57:41   INFO]          [PluginManager] - Hytale:Universe
[2026/01/18 22:57:41   INFO]          [PluginManager] - Hytale:ConnectedBlocksModule
[2026/01/18 22:57:41   INFO]          [PluginManager] Loading pending classpath plugins!
[2026/01/18 22:57:41   INFO]          [PluginManager] - Hytale:AssetEditor
[2026/01/18 22:57:41   INFO]          [PluginManager] - Hytale:BlockSpawner
[2026/01/18 22:57:41   INFO]          [PluginManager] - Hytale:BlockTick
[2026/01/18 22:57:41   INFO]          [PluginManager] - Hytale:BlockPhysics
[2026/01/18 22:57:41   INFO]          [PluginManager] - Hytale:BuilderTools
[2026/01/18 22:57:41   INFO]          [PluginManager] - Hytale:Crafting
[2026/01/18 22:57:41   INFO]          [PluginManager] - Hytale:CommandMacro
[2026/01/18 22:57:41   INFO]          [PluginManager] - Hytale:Instances
[2026/01/18 22:57:41   INFO]          [PluginManager] - Hytale:LANDiscovery
[2026/01/18 22:57:41   INFO]          [PluginManager] - Hytale:NPC
[2026/01/18 22:57:41   INFO]          [PluginManager] - Hytale:NPCObjectives
[2026/01/18 22:57:41   INFO]          [PluginManager] - Hytale:ObjectiveReputation
[2026/01/18 22:57:41   INFO]          [PluginManager] - Hytale:Objectives
[2026/01/18 22:57:41   INFO]          [PluginManager] - Hytale:ObjectiveShop
[2026/01/18 22:57:41   INFO]          [PluginManager] - Hytale:Path
[2026/01/18 22:57:41   INFO]          [PluginManager] - Hytale:Reputation
[2026/01/18 22:57:41   INFO]          [PluginManager] - Hytale:NPCReputation
[2026/01/18 22:57:41   INFO]          [PluginManager] - Hytale:Shop
[2026/01/18 22:57:41   INFO]          [PluginManager] - Hytale:ShopReputation
[2026/01/18 22:57:41   INFO]          [PluginManager] - Hytale:NPCShop
[2026/01/18 22:57:41   INFO]          [PluginManager] - Hytale:NPCEditor
[2026/01/18 22:57:41   INFO]          [PluginManager] - Hytale:Stash
[2026/01/18 22:57:41   INFO]          [PluginManager] - Hytale:TagSet
[2026/01/18 22:57:41   INFO]          [PluginManager] - Hytale:Teleport
[2026/01/18 22:57:41   INFO]          [PluginManager] - Hytale:Fluid
[2026/01/18 22:57:41   INFO]          [PluginManager] - Hytale:Weather
[2026/01/18 22:57:41   INFO]          [PluginManager] - Hytale:WorldGen
[2026/01/18 22:57:41   INFO]          [PluginManager] - Hytale:Farming
[2026/01/18 22:57:41   INFO]          [PluginManager] - Hytale:Camera
[2026/01/18 22:57:41   INFO]          [PluginManager] - Hytale:WorldLocationCondition
[2026/01/18 22:57:41   INFO]          [PluginManager] - Hytale:NPCCombatActionEvaluator
[2026/01/18 22:57:41   INFO]          [PluginManager] - Hytale:Model
[2026/01/18 22:57:41   INFO]          [PluginManager] - Hytale:Mantling
[2026/01/18 22:57:41   INFO]          [PluginManager] - Hytale:SafetyRoll
[2026/01/18 22:57:41   INFO]          [PluginManager] - Hytale:SprintForce
[2026/01/18 22:57:41   INFO]          [PluginManager] - Hytale:CrouchSlide
[2026/01/18 22:57:41   INFO]          [PluginManager] - Hytale:Parkour
[2026/01/18 22:57:41   INFO]          [PluginManager] - Hytale:Mounts
[2026/01/18 22:57:41   INFO]          [PluginManager] - Hytale:HytaleGenerator
[2026/01/18 22:57:41   INFO]          [PluginManager] - Hytale:Teleporter
[2026/01/18 22:57:41   INFO]          [PluginManager] - Hytale:Memories
[2026/01/18 22:57:41   INFO]          [PluginManager] - Hytale:Deployables
[2026/01/18 22:57:41   INFO]          [PluginManager] - Hytale:Portals
[2026/01/18 22:57:41   INFO]          [PluginManager] - Hytale:Beds
[2026/01/18 22:57:41   INFO]          [PluginManager] - Hytale:Ambience
[2026/01/18 22:57:41   INFO]          [PluginManager] - Hytale:CreativeHub
[2026/01/18 22:57:41   INFO]          [PluginManager] Loading pending plugins from directory: mods
[2026/01/18 22:57:42   INFO]          [AssetModule|P] Asset monitor enabled!
[2026/01/18 22:57:42   INFO]          [AssetModule|P] Loaded pack: Hytale:Hytale from Assets.zip
[2026/01/18 22:57:42   INFO]          [AssetModule|P] Loading packs from directory: mods
[2026/01/18 22:57:42   WARN]          [AssetModule|P] Skipping pack at Hytale_Shop: missing or invalid manifest.json
[2026/01/18 22:57:44   INFO]        [ConsoleModule|P] Setup console with type: xterm-256color
[2026/01/18 22:57:44   INFO]      [ServerAuthManager] Server certificate set: CN=localhost
[2026/01/18 22:57:44   INFO]          [QUICTransport] Server certificate registered for mutual auth, fingerprint: 1WeH6HHbivn2m9ZxCuAJpkHv-IRSiTW-WfwJeidp3mA
[2026/01/18 22:57:45   INFO]          [QUICTransport] Using IPv4 Datagram Channel: EpollDatagramChannel(INET)...
[2026/01/18 22:57:45   INFO]          [QUICTransport] Using IPv6 Datagram Channel: EpollDatagramChannel(INET6)...
[2026/01/18 22:57:45   WARN] [io.netty.bootstrap.Bootstrap] Unknown channel option 'IP_DONTFRAGMENT' for channel '[id: 0x377f077f]' of type 'class io.netty.channel.epoll.EpollDatagramChannel'
[2026/01/18 22:57:45   WARN] [io.netty.bootstrap.Bootstrap] Unknown channel option 'IP_DONTFRAGMENT' for channel '[id: 0xa10b2bec]' of type 'class io.netty.channel.epoll.EpollDatagramChannel'
[2026/01/18 22:57:45   INFO]              [ServerManager|P] Took 4sec 72ms 852us 791ns to setup transport!
[2026/01/18 22:57:48   INFO]            [ServerAuthManager] Auth credential store: Memory
[2026/01/18 22:57:48   INFO]                 [HytaleServer] Setup phase completed! Boot time 9sec 798ms 967us 839ns
[2026/01/18 22:57:48   INFO]                       [Hytale] Loading common assets from: /
[2026/01/18 22:57:48   INFO]          [CommonAssetModule|P] Took 304ms 32us 426ns to load 22913 assets from CommonAssetsIndex.hashes file.
[2026/01/18 22:57:48   WARN]          [CommonAssetModule|P] Duplicated Asset Count: 931
[2026/01/18 22:57:48   INFO]                       [Hytale] Loading common assets phase completed! Boot time 10sec 105ms 504us 459ns, Took 305ms 392us 809ns
[2026/01/18 22:57:48   INFO]          [AssetRegistryLoader] Loading 91 asset stores...
[2026/01/18 22:57:48   INFO]          [AssetRegistryLoader] Pre-adding assets...
[2026/01/18 22:57:48   INFO]            [CollisionModule|P] Block extents for CollisionSystem is Max=0.0, Min=0.0
[2026/01/18 22:57:48   INFO]                       [Hytale] Loading assets from: /Server
[2026/01/18 22:57:48   INFO]          [AssetRegistryLoader] Loading assets from /Server
[2026/01/18 22:57:48   WARN]             [BlockSetModule|P] Creating block sets: Failed to find block name 'Furniture_Temple_Light_Statue'
[2026/01/18 22:57:48   WARN]             [BlockSetModule|P] Creating block sets: Failed to find block name 'Ingredient_Hay'
[2026/01/18 22:57:48   WARN]             [BlockSetModule|P] Creating block sets: Failed to find block name 'Wood_Softwood_Planks'
[2026/01/18 22:57:48   WARN]             [BlockSetModule|P] Creating block sets: Failed to find block name 'Furniture_Feran_Bed'
[2026/01/18 22:57:48   WARN]             [BlockSetModule|P] Creating block sets: Failed to find block name 'Coop_Chicken'
[2026/01/18 22:57:48   WARN]             [BlockSetModule|P] Creating block sets: Failed to find hitbox name 'Fence'
[2026/01/18 22:57:48   WARN]             [BlockSetModule|P] Creating block sets: Failed to find hitbox name 'Fence_Gate'
[2026/01/18 22:57:48   WARN]             [BlockSetModule|P] Creating block sets: Failed to find hitbox name 'Fence_Gate_Open_In'
[2026/01/18 22:57:48   WARN]             [BlockSetModule|P] Creating block sets: Failed to find hitbox name 'Fence_Gate_Open_Out'
[2026/01/18 22:57:48   WARN]             [BlockSetModule|P] Creating block sets: Failed to find hitbox name 'Fence_Thin'
[2026/01/18 22:57:48   WARN]             [BlockSetModule|P] Creating block sets: Failed to find hitbox name 'Fence_Thick'
[2026/01/18 22:57:48   WARN]             [BlockSetModule|P] Creating block sets: Failed to find hitbox name 'Fence_Corner'
[2026/01/18 22:57:48   WARN]             [BlockSetModule|P] Creating block sets: Failed to find hitbox name 'Fence_Corner_Thin'
[2026/01/18 22:57:48   WARN]             [BlockSetModule|P] Creating block sets: Failed to find hitbox name 'Fence_Corner_Thick'
[2026/01/18 22:57:48   WARN]             [BlockSetModule|P] Creating block sets: Failed to find block name 'Furniture_Crude_Bed'
[2026/01/18 22:57:48   WARN]             [BlockSetModule|P] Creating block sets: Failed to find block name 'Soil_Grass'
[2026/01/18 22:57:48   WARN]             [BlockSetModule|P] Creating block sets: Failed to find block name 'Soil_Dirt'
[2026/01/18 22:57:48   WARN]             [BlockSetModule|P] Creating block sets: Failed to find block name 'Soil_Dirt_Poisoned'
[2026/01/18 22:57:48   WARN]             [BlockSetModule|P] Creating block sets: Failed to find block name 'Soil_Mud'
[2026/01/18 22:57:48   WARN]             [BlockSetModule|P] Creating block sets: Failed to find block name 'Soil_Gravel_Sand'
[2026/01/18 22:57:48   WARN]             [BlockSetModule|P] Creating block sets: Failed to find block name 'Soil_Dirt'
[2026/01/18 22:57:48   WARN]             [BlockSetModule|P] Creating block sets: Failed to find block name 'Soil_Clay'
[2026/01/18 22:57:48   WARN]             [BlockSetModule|P] Creating block sets: Failed to find block name 'Rock_Stone'
[2026/01/18 22:57:48   WARN]             [BlockSetModule|P] Creating block sets: Failed to find block name 'Rock_Marble'
[2026/01/18 22:57:48   WARN]             [BlockSetModule|P] Creating block sets: Failed to find block name 'Rock_Chalk'
[2026/01/18 22:57:49   INFO]            [HytaleGenerator|P] Loaded Settings asset.
[2026/01/18 22:57:49   INFO]            [CollisionModule|P] Block extents for CollisionSystem is Max=3.0, Min=0.0
[2026/01/18 22:57:49   WARN] [AssetStore|ScriptedBrushAsset] Asset key 'templePillars' for file '/Server/ScriptedBrushes/Archive/templePillars.json' has incorrect format! Expected: 'TemplePillars'
[2026/01/18 22:57:49   WARN] [AssetStore|ScriptedBrushAsset] Asset key 'BoulderBrush_old' for file '/Server/ScriptedBrushes/Archive/BoulderBrush_old.json' has incorrect format! Expected: 'BoulderBrush_Old'
[2026/01/18 22:57:49   WARN] [AssetStore|ScriptedBrushAsset] Asset key 'templeWalls' for file '/Server/ScriptedBrushes/Archive/templeWalls.json' has incorrect format! Expected: 'TempleWalls'
[2026/01/18 22:57:49   WARN] [AssetStore|ScriptedBrushAsset] Unused key(s) in 'FluidMaskExample' file /Server/ScriptedBrushes/Examples/FluidMaskExample.json: Description
[2026/01/18 22:57:49   WARN] [AssetStore|ScriptedBrushAsset] Asset key 'templeFloor' for file '/Server/ScriptedBrushes/Archive/templeFloor.json' has incorrect format! Expected: 'TempleFloor'
[2026/01/18 22:57:49   WARN] [AssetStore|ScriptedBrushAsset] Asset key 'moltenBall' for file '/Server/ScriptedBrushes/Archive/moltenBall.json' has incorrect format! Expected: 'MoltenBall'
[2026/01/18 22:57:49   WARN] [AssetStore|ScriptedBrushAsset] Unused key(s) in 'ReplaceWaterExample' file /Server/ScriptedBrushes/Examples/ReplaceWaterExample.json: Description
[2026/01/18 22:57:49 SEVERE]                          [SERR] Reallocate: 131072 to 1179648
[2026/01/18 22:57:49   WARN] [AssetStore|ScriptedBrushAsset] Asset key 'templeRandom' for file '/Server/ScriptedBrushes/Archive/templeRandom.json' has incorrect format! Expected: 'TempleRandom'
[2026/01/18 22:57:49   WARN] [AssetStore|ScriptedBrushAsset] Asset key 'templeDestruction' for file '/Server/ScriptedBrushes/Archive/templeDestruction.json' has incorrect format! Expected: 'TempleDestruction'
[2026/01/18 22:57:49   WARN] [AssetStore|ScriptedBrushAsset] Asset key 'MountainBrush_old' for file '/Server/ScriptedBrushes/Archive/MountainBrush_old.json' has incorrect format! Expected: 'MountainBrush_Old'
[2026/01/18 22:57:49   WARN] [AssetStore|ScriptedBrushAsset] Asset key 'keepDestruction' for file '/Server/ScriptedBrushes/Archive/keepDestruction.json' has incorrect format! Expected: 'KeepDestruction'
[2026/01/18 22:57:50   WARN]               [HytaleGenerator] Duplicate export name for asset: pattern1
[2026/01/18 22:57:50   WARN]         [AssetStore|BiomeAsset] Unused key(s) in 'Something' file /Server/HytaleGenerator/Biomes/Experimental/Something.json: Terrain.Density.Inputs.0.Inputs.0.Inputs.0.Inputs.0.CacheSize, Terrain.Density.Inputs.0.Inputs.0.Inputs.0.Inputs.1.Inputs.0.CacheSize, Terrain.Density.Inputs.0.Inputs.0.Inputs.1.Inputs.0.CacheSize, Terrain.Density.Inputs.0.Inputs.0.Inputs.1.Inputs.1.Inputs.0.Inputs.0.Inputs.0.Inputs.0.Sampled, Terrain.Density.Inputs.0.Inputs.0.Inputs.1.Inputs.3.Inputs.0.Inputs.0.CacheSize, Terrain.Density.Inputs.0.Inputs.1.Inputs.0.CacheSize, Terrain.Density.Inputs.0.Inputs.1.Inputs.1.Inputs.0.Inputs.0.CacheSize
[2026/01/18 22:57:50   WARN]         [AssetStore|BiomeAsset] Unused key(s) in 'Example_Mixer_Gradient' file /Server/HytaleGenerator/Biomes/Examples/Example_Mixer_Gradient.json: Terrain.Density.Inputs.0.Inputs.0.Inputs.0.Inputs.0.Inputs.0.Inputs.0.CacheSize, Terrain.Density.Inputs.1.Inputs.0.Inputs.0.Inputs.0.Inputs.0.Inputs.0.CacheSize, Terrain.Density.Inputs.2.Inputs.0.CacheSize
[2026/01/18 22:57:50   WARN]               [HytaleGenerator] Duplicate export name for asset: Taiga1_Rewood_Trees_Mask
[2026/01/18 22:57:50   WARN]               [HytaleGenerator] Duplicate export name for asset: werstjrtydkm,
[2026/01/18 22:57:50   WARN]         [AssetStore|BiomeAsset] Unused key(s) in 'Boreal1_Henges' file /Server/HytaleGenerator/Biomes/Boreal1/Boreal1_Henges.json: Terrain.Density.Inputs.0.Inputs.1.Inputs.0.Inputs.0.Inputs.0.Inputs.1.Inputs.0.Inputs.0.Inputs.0.Positions.Positions.OffsetX, Terrain.Density.Inputs.0.Inputs.1.Inputs.0.Inputs.0.Inputs.0.Inputs.1.Inputs.0.Inputs.0.Inputs.0.Positions.Positions.OffsetY, Terrain.Density.Inputs.0.Inputs.1.Inputs.0.Inputs.0.Inputs.0.Inputs.1.Inputs.0.Inputs.0.Inputs.0.Positions.Positions.OffsetZ, Terrain.Density.Inputs.0.Inputs.1.Inputs.0.Inputs.1.Inputs.0.Inputs.1.Inputs.0.Inputs.0.Inputs.0.Inputs.0.Positions.Positions.OffsetX, Terrain.Density.Inputs.0.Inputs.1.Inputs.0.Inputs.1.Inputs.0.Inputs.1.Inputs.0.Inputs.0.Inputs.0.Inputs.0.Positions.Positions.OffsetY, Terrain.Density.Inputs.0.Inputs.1.Inputs.0.Inputs.1.Inputs.0.Inputs.1.Inputs.0.Inputs.0.Inputs.0.Inputs.0.Positions.Positions.OffsetZ
[2026/01/18 22:57:50   WARN]         [AssetStore|BiomeAsset] Unused key(s) in 'Example_Fluid' file /Server/HytaleGenerator/Biomes/Examples/Example_Fluid.json: Terrain.Density.Inputs.0.CacheSize, MaterialProvider.Empty.Queue.0.BaseHeight
[2026/01/18 22:57:50   INFO]               [HytaleGenerator] Exported Scanner asset with name 'BasicForestTreeScanner' with asset id 'null
[2026/01/18 22:57:50   WARN]         [AssetStore|BiomeAsset] Unused key(s) in 'Example_Prop' file /Server/HytaleGenerator/Biomes/Examples/Example_Prop.json: Terrain.Density.Inputs.0.CacheSize
[2026/01/18 22:57:50   WARN]         [AssetStore|BiomeAsset] Unused key(s) in 'Fake3dNoise' file /Server/HytaleGenerator/Biomes/Examples/Fake3dNoise.json: Terrain.Density.Inputs.1.CacheSize, Terrain.Density.Inputs.2.Inputs.1.Inputs.0.Inputs.0.CacheSize, Terrain.Density.Inputs.2.Inputs.1.Inputs.0.Inputs.1.CacheSize, Terrain.Density.Inputs.2.Inputs.1.Inputs.0.Inputs.2.CacheSize, Terrain.Density.Inputs.2.Inputs.1.Inputs.0.Inputs.3.CacheSize, Terrain.Density.Inputs.2.Inputs.1.Inputs.0.Inputs.4.CacheSize, Terrain.Density.Inputs.2.Inputs.1.Inputs.0.Inputs.5.CacheSize
[2026/01/18 22:57:50 SEVERE]                          [SERR] Reallocate: 131072 to 1179648
[2026/01/18 22:57:50   INFO]               [HytaleGenerator] Exported Scanner asset with name 'Desert1_Rocky_Trees_Dry_Scanner' with asset id 'null
[2026/01/18 22:57:50   INFO]               [HytaleGenerator] Exported Scanner asset with name 'Desert1_Rocky_Trees_Palm_Scanner' with asset id 'null
[2026/01/18 22:57:50   WARN]         [AssetStore|BiomeAsset] Unused key(s) in 'CursebreakerKeyartBiome' file /Server/HytaleGenerator/Biomes/Experimental/CursebreakerKeyartBiome.json: Terrain.Density.Inputs.0.Inputs.0.Inputs.0.Inputs.0.Inputs.0.Inputs.0.CacheSize, Terrain.Density.Inputs.0.Inputs.0.Inputs.0.Inputs.1.Inputs.0.Inputs.0.CacheSize, Terrain.Density.Inputs.0.Inputs.0.Inputs.1.Inputs.0.Inputs.0.Inputs.0.Inputs.0.CacheSize, Terrain.Density.Inputs.0.Inputs.1.Inputs.0.Inputs.0.Inputs.0.CacheSize
[2026/01/18 22:57:50   WARN]         [AssetStore|BiomeAsset] Unused key(s) in 'Dunes' file /Server/HytaleGenerator/Biomes/Experimental/Dunes.json: Terrain.Density.Inputs.0.Inputs.0.Inputs.0.Inputs.0.Inputs.0.Inputs.1.Inputs.0.Inputs.0.Inputs.0.CacheSize, Terrain.Density.Inputs.0.Inputs.0.Inputs.0.Inputs.0.Inputs.0.Inputs.1.Inputs.0.Inputs.1.Inputs.0.CacheSize, Terrain.Density.Inputs.0.Inputs.0.Inputs.0.Inputs.1.Inputs.0.Inputs.0.Inputs.0.CacheSize, Terrain.Density.Inputs.0.Inputs.0.Inputs.0.Inputs.1.Inputs.0.Inputs.1.Inputs.0.CacheSize, Terrain.Density.Inputs.0.Inputs.0.Inputs.1.Inputs.0.Inputs.0.Inputs.1.Inputs.0.Inputs.0.Inputs.0.CacheSize, Terrain.Density.Inputs.0.Inputs.0.Inputs.1.Inputs.0.Inputs.0.Inputs.1.Inputs.0.Inputs.1.Inputs.0.CacheSize, Terrain.Density.Inputs.0.Inputs.0.Inputs.1.Inputs.1.Inputs.0.Inputs.0.CacheSize, Terrain.Density.Inputs.0.Inputs.0.Inputs.1.Inputs.1.Inputs.1.Inputs.0.CacheSize, Terrain.Density.Inputs.0.Inputs.1.Inputs.0.Inputs.0.Inputs.0.Inputs.0.CacheSize, Terrain.Density.Inputs.0.Inputs.1.Inputs.1.Inputs.0.CacheSize, MaterialProvider.Solid.Queue.0.FieldFunction.CacheSize
[2026/01/18 22:57:50   WARN]         [AssetStore|BiomeAsset] Unused key(s) in 'Example_Multi_Mixer_Horizontal' file /Server/HytaleGenerator/Biomes/Examples/Example_Multi_Mixer_Horizontal.json: Terrain.Density.Inputs.0.Inputs.0.Inputs.0.Inputs.0.CacheSize, Terrain.Density.Inputs.0.Inputs.0.Inputs.0.Inputs.1.CacheSize, Terrain.Density.Inputs.0.Inputs.0.Inputs.0.Inputs.2.CacheSize, Terrain.Density.Inputs.0.Inputs.0.Inputs.0.Inputs.3.CacheSize
[2026/01/18 22:57:50   WARN]         [AssetStore|BiomeAsset] Unused key(s) in 'Plains1_Deeproot' file /Server/HytaleGenerator/Biomes/Plains1/Plains1_Deeproot.json: Props.5.Positions.OffsetX, Props.5.Positions.OffsetY, Props.5.Positions.OffsetZ
[2026/01/18 22:57:50   WARN]               [HytaleGenerator] Duplicate export name for asset: werstjrtydkm,
[2026/01/18 22:57:50   WARN]               [HytaleGenerator] Duplicate export name for asset: BasicForestTreeScanner
[2026/01/18 22:57:50   INFO]               [HytaleGenerator] Exported Scanner asset with name 'BasicForestTreeScanner' with asset id 'null
[2026/01/18 22:57:50   WARN]               [HytaleGenerator] Duplicate export name for asset: River-Boulders-Mask
[2026/01/18 22:57:50   WARN]         [AssetStore|BiomeAsset] Unused key(s) in 'SingleInstance_Test' file /Server/HytaleGenerator/Biomes/Examples/SingleInstance_Test.json: Terrain.Density.Inputs.0.Inputs.1.SingleInstance
[2026/01/18 22:57:50   WARN]         [AssetStore|BiomeAsset] Unused key(s) in 'Example_Multi_Mixer_Curve' file /Server/HytaleGenerator/Biomes/Examples/Example_Multi_Mixer_Curve.json: Terrain.Density.Inputs.0.Inputs.0.Inputs.0.Inputs.0.CacheSize, Terrain.Density.Inputs.0.Inputs.1.Inputs.0.Inputs.0.Inputs.0.Inputs.0.CacheSize, Terrain.Density.Inputs.0.Inputs.1.Inputs.0.Inputs.0.Inputs.0.Inputs.1.CacheSize, Terrain.Density.Inputs.0.Inputs.1.Inputs.0.Inputs.0.Inputs.0.Inputs.2.CacheSize, Terrain.Density.Inputs.0.Inputs.1.Inputs.1.CacheSize, Terrain.Density.Inputs.1.Inputs.0.CacheSize
[2026/01/18 22:57:50   WARN]         [AssetStore|BiomeAsset] Unused key(s) in 'Arches' file /Server/HytaleGenerator/Biomes/Experimental/Arches.json: Terrain.Density.Inputs.0.Inputs.0.Inputs.0.Inputs.0.Inputs.0.CacheSize, Terrain.Density.Inputs.0.Inputs.1.Inputs.0.Inputs.0.Inputs.0.CacheSize, Terrain.Density.Inputs.0.Inputs.1.Inputs.0.Inputs.0.Inputs.0.Inputs.0.ReturnType.Density.CacheSize, Terrain.Density.Inputs.0.Inputs.1.Inputs.0.Inputs.1.Inputs.0.CacheSize, Terrain.Density.Inputs.0.Inputs.1.Inputs.0.Inputs.1.Inputs.0.Inputs.0.ReturnType.Density.Inputs.0.Inputs.0.Inputs.0.CacheSize, Terrain.Density.Inputs.0.Inputs.1.Inputs.0.Inputs.2.Inputs.0.CacheSize
[2026/01/18 22:57:50   WARN]               [HytaleGenerator] Duplicate export name for asset: Desert1_Rivers_Cliffs
[2026/01/18 22:57:50   WARN]               [HytaleGenerator] Duplicate export name for asset: River-Boulders-Mask
[2026/01/18 22:57:50   WARN]               [HytaleGenerator] Duplicate export name for asset: River-Boulders-Mask
[2026/01/18 22:57:50   WARN]         [AssetStore|BiomeAsset] Unused key(s) in 'Basic' file /Server/HytaleGenerator/Biomes/Basic.json: Props.0.Assignments.Prop.BoxBlockType
[2026/01/18 22:57:50   WARN]         [AssetStore|BiomeAsset] Unused key(s) in 'Volcanic1_Jungle' file /Server/HytaleGenerator/Biomes/Volcanic1/Volcanic1_Jungle.json: Props.1.Positions.OffsetX, Props.1.Positions.OffsetY, Props.1.Positions.OffsetZ, Props.2.Positions.OffsetX, Props.2.Positions.OffsetY, Props.2.Positions.OffsetZ, Props.3.Positions.OffsetX, Props.3.Positions.OffsetY, Props.3.Positions.OffsetZ
[2026/01/18 22:57:50   WARN]         [AssetStore|BiomeAsset] Unused key(s) in 'Desert1_Oasis' file /Server/HytaleGenerator/Biomes/Desert1/Desert1_Oasis.json: Props.2.Positions.Positions.OffsetX, Props.2.Positions.Positions.OffsetY, Props.2.Positions.Positions.OffsetZ, Props.3.Positions.Positions.OffsetX, Props.3.Positions.Positions.OffsetY, Props.3.Positions.Positions.OffsetZ, Props.4.Positions.Positions.OffsetX, Props.4.Positions.Positions.OffsetY, Props.4.Positions.Positions.OffsetZ, Props.5.Positions.Positions.OffsetX, Props.5.Positions.Positions.OffsetY, Props.5.Positions.Positions.OffsetZ, Props.6.Positions.Positions.OffsetX, Props.6.Positions.Positions.OffsetY, Props.6.Positions.Positions.OffsetZ
[2026/01/18 22:57:50   WARN]               [HytaleGenerator] Duplicate export name for asset: Plains1-Gorges-BaseTerrain
[2026/01/18 22:57:50   WARN]         [AssetStore|BiomeAsset] Unused key(s) in 'Example_Mixer' file /Server/HytaleGenerator/Biomes/Examples/Example_Mixer.json: Terrain.Density.Inputs.0.CacheSize, Terrain.Density.Inputs.1.Inputs.2.Inputs.0.CacheSize
[2026/01/18 22:57:50   WARN]               [HytaleGenerator] Duplicate export name for asset: River-Boulders-Mask
[2026/01/18 22:57:50   WARN]               [HytaleGenerator] Duplicate export name for asset: River-Boulders-Mask
[2026/01/18 22:57:50   WARN]               [HytaleGenerator] Duplicate export name for asset: River-Boulders-Mask
[2026/01/18 22:57:50   WARN]               [HytaleGenerator] Duplicate export name for asset: River-Boulders-Mask
[2026/01/18 22:57:50   WARN]               [HytaleGenerator] Duplicate export name for asset: River-Boulders-Mask
[2026/01/18 22:57:50   WARN]         [AssetStore|BiomeAsset] Unused key(s) in 'Generative_Buildings' file /Server/HytaleGenerator/Biomes/Generative/Generative_Buildings.json: Terrain.Density.Inputs.1.Inputs.0.Inputs.0.Inputs.0.Inputs.0.Inputs.0.Inputs.0.Inputs.0.Inputs.0.Positions.Positions.Positions.OffsetX, Terrain.Density.Inputs.1.Inputs.0.Inputs.0.Inputs.0.Inputs.0.Inputs.0.Inputs.0.Inputs.0.Inputs.0.Positions.Positions.Positions.OffsetY, Terrain.Density.Inputs.1.Inputs.0.Inputs.0.Inputs.0.Inputs.0.Inputs.0.Inputs.0.Inputs.0.Inputs.0.Positions.Positions.Positions.OffsetZ
[2026/01/18 22:57:50   WARN]               [HytaleGenerator] Duplicate export name for asset: Peak
[2026/01/18 22:57:50   WARN] [AssetStore|CustomConnectedBlockTemplateAsset] Unused key(s) in 'DoorLargeConnectedBlockTemplate' file /Server/Item/CustomConnectedBlockTemplates/DoorLargeConnectedBlockTemplate.json: ConnectsToOtherTemplates
[2026/01/18 22:57:50   WARN] [AssetStore|CustomConnectedBlockTemplateAsset] Unused key(s) in 'RailsConnectedBlockTemplate' file /Server/Item/CustomConnectedBlockTemplates/RailsConnectedBlockTemplate.json: MaterialName
[2026/01/18 22:57:51   WARN]     [AssetStore|ParticleSystem] Unused key(s) in 'Potion_Health_Implosion' file /Server/Particles/Status_Effect/Potion_Health/Potion_Health_Implosion.particlesystem: Spawners.0.Scale
[2026/01/18 22:57:51   WARN]     [AssetStore|ParticleSystem] Unused key(s) in 'Potion_Stamina_Burst' file /Server/Particles/Status_Effect/Potion_Stamina/Potion_Stamina_Burst.particlesystem: Spawners.0.Scale
[2026/01/18 22:57:51   WARN]     [AssetStore|ParticleSystem] Unused key(s) in 'Potion_Morph_Burst' file /Server/Particles/Status_Effect/Potion_Morph/Potion_Morph_Burst.particlesystem: Spawners.0.Scale
[2026/01/18 22:57:51   WARN]   [AssetStore|AssignmentsAsset] Unused key(s) in 'Plains1_Deeproot_Grasses' file /Server/HytaleGenerator/Assignments/Plains1/Plains1_Deeproot_Grasses.json: FieldFunction.CacheSize
[2026/01/18 22:57:51   WARN]   [AssetStore|AssignmentsAsset] Unused key(s) in 'Runtime_Defect_1' file /Server/HytaleGenerator/Assignments/Dev/Runtime_Defect_1.json: Prop.BoxBlockType
[2026/01/18 22:57:51   WARN]               [HytaleGenerator] Duplicate export name for asset: Volcanic1_Swamp_Bushes_Jungles_Pattern
[2026/01/18 22:57:51   WARN]   [AssetStore|AssignmentsAsset] Unused key(s) in 'Runtime_Defect_0' file /Server/HytaleGenerator/Assignments/Dev/Runtime_Defect_0.json: Prop.BoxBlockType
[2026/01/18 22:57:51   INFO]               [HytaleGenerator] Exported Scanner asset with name 'Desert1_Oasis_Grasses_Scanner' with asset id 'null
[2026/01/18 22:57:51   WARN]   [AssetStore|AssignmentsAsset] Unused key(s) in 'Desert1_Oasis_Grasses' file /Server/HytaleGenerator/Assignments/Desert1/Desert1_Oasis_Grasses.json: $Comments
[2026/01/18 22:57:51   WARN]               [HytaleGenerator] Duplicate export name for asset: Plains1_OakPattern_Floor_Grass
[2026/01/18 22:57:51   WARN]   [AssetStore|AssignmentsAsset] Unused key(s) in 'Plains1_Mountains_Grasses' file /Server/HytaleGenerator/Assignments/Plains1/Plains1_Mountains_Grasses.json: FieldFunction.CacheSize
[2026/01/18 22:57:51   INFO]               [HytaleGenerator] Exported Scanner asset with name 'Desert1_Boulders_Scanner' with asset id 'null
[2026/01/18 22:57:51   WARN]   [AssetStore|AssignmentsAsset] Unused key(s) in 'Desert1_Oasis_Boulders' file /Server/HytaleGenerator/Assignments/Desert1/Desert1_Oasis_Boulders.json: $Comments
[2026/01/18 22:57:51   WARN]               [HytaleGenerator] Duplicate export name for asset: Plains1_OakPattern_Floor_Grass
[2026/01/18 22:57:51   WARN]               [HytaleGenerator] Duplicate export name for asset: Desert1_Boulders_Scanner
[2026/01/18 22:57:51   INFO]               [HytaleGenerator] Exported Scanner asset with name 'Desert1_Boulders_Scanner' with asset id 'null
[2026/01/18 22:57:51   INFO]               [HytaleGenerator] Exported Scanner asset with name 'Desert1_Boab_Scanner' with asset id 'null
[2026/01/18 22:57:51   INFO]               [HytaleGenerator] Exported Scanner asset with name 'Plains1_Gorges_Boulder_Scanner' with asset id 'null
[2026/01/18 22:57:51   WARN]   [AssetStore|AssignmentsAsset] Unused key(s) in 'Desert1_Oasis_Flowers' file /Server/HytaleGenerator/Assignments/Desert1/Desert1_Oasis_Flowers.json: $Comments
[2026/01/18 22:57:51   WARN]   [AssetStore|AssignmentsAsset] Unused key(s) in 'Plains1_Oak_Bushes' file /Server/HytaleGenerator/Assignments/Plains1/Plains1_Oak_Bushes.json: FieldFunction.CacheSize
[2026/01/18 22:57:51   WARN]   [AssetStore|AssignmentsAsset] Unused key(s) in 'Taiga1_Rivers_Grasses' file /Server/HytaleGenerator/Assignments/Taiga1/Taiga1_Rivers_Grasses.json: $Comments
[2026/01/18 22:57:51   INFO]               [HytaleGenerator] Exported Scanner asset with name 'Plains1_Gorges_Tree_Scanner' with asset id 'null
[2026/01/18 22:57:51   WARN]               [HytaleGenerator] Duplicate export name for asset: Plains1_Sticks
[2026/01/18 22:57:51   WARN]               [HytaleGenerator] Duplicate export name for asset: Plains1_OakPattern_Floor_Grass
[2026/01/18 22:57:51   INFO]               [HytaleGenerator] Exported Scanner asset with name 'Desert1_Palm_Scanner' with asset id 'null
[2026/01/18 22:57:51   INFO]               [HytaleGenerator] Exported Scanner asset with name 'Desert1_Oasis_Plants_2_Scanner' with asset id 'null
[2026/01/18 22:57:51   WARN]   [AssetStore|AssignmentsAsset] Unused key(s) in 'Desert1_Oasis_Flowers_2' file /Server/HytaleGenerator/Assignments/Desert1/Desert1_Oasis_Flowers_2.json: $Comments
[2026/01/18 22:57:51   INFO]               [HytaleGenerator] Exported Scanner asset with name 'Desert1_Dry_Scanner' with asset id 'null
[2026/01/18 22:57:51   WARN]   [AssetStore|AssignmentsAsset] Unused key(s) in 'Desert1_Oasis_Trees_Dry' file /Server/HytaleGenerator/Assignments/Desert1/Desert1_Oasis_Trees_Dry.json: $Comments
[2026/01/18 22:58:04   WARN]    [AssetStore|PrefabListAsset] Asset key 'Trees_Fir_red' for file '/Server/PrefabList/Trees_Fir_red.json' has incorrect format! Expected: 'Trees_Fir_Red'
[2026/01/18 22:58:04   WARN]    [AssetStore|PrefabListAsset] Asset key 'Trees_Ash_swamp_dead' for file '/Server/PrefabList/Trees_Ash_swamp_dead.json' has incorrect format! Expected: 'Trees_Ash_Swamp_Dead'
[2026/01/18 22:58:04   WARN]    [AssetStore|PrefabListAsset] Asset key 'Trees_Ash_twisted_Giant' for file '/Server/PrefabList/Trees_Ash_twisted_Giant.json' has incorrect format! Expected: 'Trees_Ash_Twisted_Giant'
[2026/01/18 22:58:04   WARN]    [AssetStore|PrefabListAsset] Asset key 'Trees_Ash_twisted' for file '/Server/PrefabList/Trees_Ash_twisted.json' has incorrect format! Expected: 'Trees_Ash_Twisted'
[2026/01/18 22:58:04   WARN]    [AssetStore|PrefabListAsset] Asset key 'Trees_Ash_swamp' for file '/Server/PrefabList/Trees_Ash_swamp.json' has incorrect format! Expected: 'Trees_Ash_Swamp'
[2026/01/18 22:58:04   WARN]    [AssetStore|PrefabListAsset] Asset key 'Trees_Burnt_dead' for file '/Server/PrefabList/Trees_Burnt_dead.json' has incorrect format! Expected: 'Trees_Burnt_Dead'
[2026/01/18 22:58:04   WARN]    [AssetStore|PrefabListAsset] Asset key 'Trees_Ash_twisted_Large' for file '/Server/PrefabList/Trees_Ash_twisted_Large.json' has incorrect format! Expected: 'Trees_Ash_Twisted_Large'
[2026/01/18 22:58:05   WARN]        [AssetStore|Environment] Asset key 'Env_Temple_of_Gaia' for file '/Server/Environments/Unique/Env_Temple_of_Gaia.json' has incorrect format! Expected: 'Env_Temple_Of_Gaia'
[2026/01/18 22:58:05   WARN] [AssetStore|WorldStructureAsset] Unused key(s) in 'Interpolation' file /Server/HytaleGenerator/WorldStructures/Dev/Interpolation.json: BiomeTransitions
[2026/01/18 22:58:05   WARN]               [MacroCommandBase] Could not parse default argument value for argument: 'world' on Macro Command: 'settimeandgohome'.
server.commands.errors.noSuchWorld{name=com.hypixel.hytale.protocol.StringParamValue@bf4c6e40}
server.commands.errors.noSuchWorld{name=com.hypixel.hytale.protocol.StringParamValue@bf4c6e40}
[2026/01/18 22:58:07   WARN]            [AssetStore|ModelVFX] Asset key 'test' for file '/Server/Entity/ModelVFX/test.json' has incorrect format! Expected: 'Test'
[2026/01/18 22:58:07   WARN]        [AssetStore|EntityEffect] Unused key(s) in 'Food_EffectCondition_Buff_Small' file /Server/Entity/Effects/Food/Buff/_Deprecated/Food_EffectCondition_Buff_Small.json: Type, EntityEffectIds, Match, Next, Failed
[2026/01/18 22:58:07   WARN]        [AssetStore|EntityEffect] Unused key(s) in 'Food_EffectCondition_Buff_Medium' file /Server/Entity/Effects/Food/Buff/_Deprecated/Food_EffectCondition_Buff_Medium.json: Type, EntityEffectIds, Match, Next, Failed
[2026/01/18 22:58:07   WARN]         [AssetStore|Interaction] Unused key(s) in 'Ice_Bolt_Miss' file /Server/Item/Interactions/Weapons/Staff/Ice/Ice_Bolt_Miss.json: Effects.WorldParticles
[2026/01/18 22:58:07   WARN]         [AssetStore|Interaction] Unused key(s) in 'Explode_Generic' file /Server/Item/Interactions/Explosions/Explode_Generic.json: Config.Knockback.VelocityConfig.Direction
[2026/01/18 22:58:07   WARN]         [AssetStore|Interaction] Unused key(s) in 'Weapon_Battleaxe_Primary_Downstrike_Force' file /Server/Item/Interactions/Weapons/Battleaxe/Primary/Downstrike/Weapon_Battleaxe_Primary_Downstrike_Force.json: MouseSensitivityAdjustmentTarget, MouseSensitivityAdjustmentDuration
[2026/01/18 22:58:07   WARN]         [AssetStore|Interaction] Unused key(s) in 'Weapon_Daggers_Primary_Pounce_Stab_Force' file /Server/Item/Interactions/Weapons/Daggers/Primary/Pounce/Stab/Weapon_Daggers_Primary_Pounce_Stab_Force.json: VelocityType
[2026/01/18 22:58:07   WARN]         [AssetStore|Interaction] Unused key(s) in 'Ice_Ball_Miss' file /Server/Item/Interactions/Weapons/Staff/Ice/Ice_Ball_Miss.json: Effects.WorldParticles
[2026/01/18 22:58:07   WARN]         [AssetStore|Interaction] Unused key(s) in '*Weapon_Sword_Signature_Vortexstrike_Spin_Selector_Next': Next
[2026/01/18 22:58:07   WARN]         [AssetStore|Interaction] Unused key(s) in '*Weapon_Daggers_Primary_Pounce_Stab_Selector_Next': Next
[2026/01/18 22:58:08   WARN]               [BlockSetModule|P] Creating block sets: Failed to find block name 'Furniture_Temple_Light_Statue'
[2026/01/18 22:58:08   WARN]               [BlockSetModule|P] Creating block sets: Failed to find block name 'Ingredient_Hay'
[2026/01/18 22:58:08   WARN]               [BlockSetModule|P] Creating block sets: Failed to find block name 'Wood_Softwood_Planks'
[2026/01/18 22:58:08   WARN]               [BlockSetModule|P] Creating block sets: Failed to find block name 'Furniture_Feran_Bed'
[2026/01/18 22:58:08   WARN]               [BlockSetModule|P] Creating block sets: Failed to find block name 'Coop_Chicken'
[2026/01/18 22:58:08   WARN]               [BlockSetModule|P] Creating block sets: Failed to find hitbox name 'Fence'
[2026/01/18 22:58:08   WARN]               [BlockSetModule|P] Creating block sets: Failed to find hitbox name 'Fence_Gate'
[2026/01/18 22:58:08   WARN]               [BlockSetModule|P] Creating block sets: Failed to find hitbox name 'Fence_Gate_Open_In'
[2026/01/18 22:58:08   WARN]               [BlockSetModule|P] Creating block sets: Failed to find hitbox name 'Fence_Gate_Open_Out'
[2026/01/18 22:58:08   WARN]               [BlockSetModule|P] Creating block sets: Failed to find hitbox name 'Fence_Thin'
[2026/01/18 22:58:08   WARN]               [BlockSetModule|P] Creating block sets: Failed to find hitbox name 'Fence_Thick'
[2026/01/18 22:58:08   WARN]               [BlockSetModule|P] Creating block sets: Failed to find hitbox name 'Fence_Corner'
[2026/01/18 22:58:08   WARN]               [BlockSetModule|P] Creating block sets: Failed to find hitbox name 'Fence_Corner_Thin'
[2026/01/18 22:58:08   WARN]               [BlockSetModule|P] Creating block sets: Failed to find hitbox name 'Fence_Corner_Thick'
[2026/01/18 22:58:08   WARN]               [BlockSetModule|P] Creating block sets: Failed to find block name 'Furniture_Crude_Bed'
[2026/01/18 22:58:08   WARN]               [BlockSetModule|P] Creating block sets: Failed to find block name 'Soil_Grass'
[2026/01/18 22:58:08   WARN]               [BlockSetModule|P] Creating block sets: Failed to find block name 'Soil_Dirt'
[2026/01/18 22:58:08   WARN]               [BlockSetModule|P] Creating block sets: Failed to find block name 'Soil_Dirt_Poisoned'
[2026/01/18 22:58:08   WARN]               [BlockSetModule|P] Creating block sets: Failed to find block name 'Soil_Mud'
[2026/01/18 22:58:08   WARN]               [BlockSetModule|P] Creating block sets: Failed to find block name 'Soil_Gravel_Sand'
[2026/01/18 22:58:08   WARN]               [BlockSetModule|P] Creating block sets: Failed to find block name 'Soil_Dirt'
[2026/01/18 22:58:08   WARN]               [BlockSetModule|P] Creating block sets: Failed to find block name 'Soil_Clay'
[2026/01/18 22:58:08   WARN]               [BlockSetModule|P] Creating block sets: Failed to find block name 'Rock_Stone'
[2026/01/18 22:58:08   WARN]               [BlockSetModule|P] Creating block sets: Failed to find block name 'Rock_Marble'
[2026/01/18 22:58:08   WARN]               [BlockSetModule|P] Creating block sets: Failed to find block name 'Rock_Chalk'
[2026/01/18 22:58:08   WARN]         [AssetStore|Interaction] Unused key(s) in '**Projectile_Config_Ice_Ball_Interactions_ProjectileMiss_Interactions_0': Effects.WorldParticles
[2026/01/18 22:58:08   WARN]         [AssetStore|Interaction] Unused key(s) in '**Projectile_Config_Scarak_Seeker_Spitball_Interactions_ProjectileMiss_Interactions_0': Effects.WorldParticles
[2026/01/18 22:58:08   WARN]         [AssetStore|Interaction] Unused key(s) in '**Projectile_Config_Ice_Bolt_Interactions_ProjectileMiss_Interactions_0': Effects.WorldParticles
[2026/01/18 22:58:08   WARN]         [AssetStore|Interaction] Unused key(s) in '**Projectile_Config_Scarak_Seeker_Spitball_Interactions_ProjectileHit_Interactions_0': Entity
[2026/01/18 22:58:08   WARN]                [AssetStore|Item] Failed to validate asset!
Id: Tool_Hatchet_Crude
Path: /Server/Item/Items/Tool/Hatchet/Tool_Hatchet_Crude.json
Key: Recipe
Results:
	WARNING: Bench Requirement in recipe for 'Fieldcraft' should not have a delay (TimeSeconds) set!

[2026/01/18 22:58:08   WARN]                [AssetStore|Item] Failed to validate asset!
Id: Bench_Builders
Path: /Server/Item/Items/Bench/Bench_Builders.json
Key: Recipe
Results:
	WARNING: Bench Requirement in recipe for 'Fieldcraft' should not have a delay (TimeSeconds) set!

[2026/01/18 22:58:08   WARN]                [AssetStore|Item] Failed to validate asset!
Id: Furniture_Crude_Torch
Path: /Server/Item/Items/Furniture/Crude/Unique/Furniture_Crude_Torch.json
Key: Recipe
Results:
	WARNING: Bench Requirement in recipe for 'Fieldcraft' should not have a delay (TimeSeconds) set!

[2026/01/18 22:58:08   WARN]                [AssetStore|Item] Failed to validate asset!
Id: Bench_Campfire
Path: /Server/Item/Items/Bench/Bench_Campfire.json
Key: Recipe
Results:
	WARNING: Bench Requirement in recipe for 'Fieldcraft' should not have a delay (TimeSeconds) set!

[2026/01/18 22:58:08   WARN]                [AssetStore|Item] Failed to validate asset!
Id: Tool_Pickaxe_Crude
Path: /Server/Item/Items/Tool/Pickaxe/Tool_Pickaxe_Crude.json
Key: Recipe
Results:
	WARNING: Bench Requirement in recipe for 'Fieldcraft' should not have a delay (TimeSeconds) set!

[2026/01/18 22:58:08   WARN]                [AssetStore|Item] Failed to validate asset!
Id: Furniture_Crude_Chest_Small
Path: /Server/Item/Items/Furniture/Crude/Furniture_Crude_Chest_Small.json
Key: Recipe
Results:
	WARNING: Bench Requirement in recipe for 'Fieldcraft' should not have a delay (TimeSeconds) set!

[2026/01/18 22:58:08   WARN]                [AssetStore|Item] Failed to validate asset!
Id: Furniture_Crude_Bed
Path: /Server/Item/Items/Furniture/Crude/Furniture_Crude_Bed.json
Key: Recipe
Results:
	WARNING: Bench Requirement in recipe for 'Fieldcraft' should not have a delay (TimeSeconds) set!

[2026/01/18 22:58:08   WARN]                [AssetStore|Item] Failed to validate asset!
Id: Weapon_Sword_Crude
Path: /Server/Item/Items/Weapon/Sword/Weapon_Sword_Crude.json
Key: Recipe
Results:
	WARNING: Bench Requirement in recipe for 'Fieldcraft' should not have a delay (TimeSeconds) set!

[2026/01/18 22:58:08   WARN]                [AssetStore|Item] Failed to find inherited parent asset Template_Crop_Item (BlockType) for Plant_Crop_Pumpkin_Item
[2026/01/18 22:58:09   WARN]           [AssetStore|BlockType] Unused key(s) in '*Prototype_Geyser_State_Definitions_Off': SoundEventId
[2026/01/18 22:58:09   WARN]           [AssetStore|BlockType] Unused key(s) in '*Prototype_Geyser_State_Definitions_On': SoundEventId
[2026/01/18 22:58:09   WARN]         [AssetStore|Interaction] Unused key(s) in '***Teleporter_State_Definitions_Active_Interactions_Use_Interactions_0': Page.WarpNameWordList
[2026/01/18 22:58:09   WARN]         [AssetStore|Interaction] Unused key(s) in '**Teleporter_Interactions_Use_Interactions_0': Page.WarpNameWordList
[2026/01/18 22:58:09   WARN]         [AssetStore|Interaction] Unused key(s) in '**Portal_Device_Interactions_Use_Interactions_0': Page.Config.GameplayConfig
[2026/01/18 22:58:09   WARN]         [AssetStore|Interaction] Unused key(s) in '**Template_Weapon_Crossbow_InteractionVars_Guard_Bash_Interactions_1': Effects, StatModifiers
[2026/01/18 22:58:09   WARN]         [AssetStore|Interaction] Unused key(s) in '**Weapon_Staff_Thorium_InteractionVars_Staff_Cast_Summon_Charged_Interactions_0': Costs
[2026/01/18 22:58:09   WARN]         [AssetStore|Interaction] Unused key(s) in '**Weapon_Staff_Iron_InteractionVars_Staff_Cast_Summon_Charged_Interactions_0': Costs
[2026/01/18 22:58:09   WARN]         [AssetStore|Interaction] Unused key(s) in '**Weapon_Staff_Bone_InteractionVars_Staff_Cast_Summon_Charged_Interactions_0': Costs
[2026/01/18 22:58:09   WARN]         [AssetStore|Interaction] Unused key(s) in '**Weapon_Staff_Wood_InteractionVars_Staff_Cast_Summon_Charged_Interactions_0': Costs
[2026/01/18 22:58:09   WARN]         [AssetStore|Interaction] Unused key(s) in '**Weapon_Staff_Cane_InteractionVars_Staff_Cast_Summon_Charged_Interactions_0': Costs
[2026/01/18 22:58:09   WARN]         [AssetStore|Interaction] Unused key(s) in '**Weapon_Staff_Copper_InteractionVars_Staff_Cast_Summon_Charged_Interactions_0': Costs
[2026/01/18 22:58:09   WARN]         [AssetStore|Interaction] Unused key(s) in '**Template_Weapon_Shield_InteractionVars_Guard_Bash_Interactions_1': Effects, StatModifiers
[2026/01/18 22:58:09   WARN]         [AssetStore|Interaction] Unused key(s) in '**Weapon_Staff_Onion_InteractionVars_Staff_Cast_Summon_Charged_Interactions_0': Costs
[2026/01/18 22:58:09   WARN]         [AssetStore|Interaction] Unused key(s) in '**Halloween_Broomstick_InteractionVars_Staff_Cast_Summon_Charged_Interactions_0': Costs
[2026/01/18 22:58:09   WARN]         [AssetStore|Interaction] Unused key(s) in '**Weapon_Staff_Cobalt_InteractionVars_Staff_Cast_Summon_Charged_Interactions_0': Costs
[2026/01/18 22:58:09   WARN]         [AssetStore|Interaction] Unused key(s) in '**Weapon_Staff_Doomed_InteractionVars_Staff_Cast_Summon_Charged_Interactions_0': Costs
[2026/01/18 22:58:09   WARN]         [AssetStore|Interaction] Unused key(s) in '**Weapon_Staff_Adamantite_InteractionVars_Staff_Cast_Summon_Charged_Interactions_0': Costs
[2026/01/18 22:58:09   WARN]         [AssetStore|Interaction] Unused key(s) in '**Weapon_Staff_Mithril_InteractionVars_Staff_Cast_Summon_Charged_Interactions_0': Costs
[2026/01/18 22:58:09   WARN]         [AssetStore|Interaction] Unused key(s) in '**Weapon_Staff_Bo_Bamboo_InteractionVars_Staff_Cast_Summon_Charged_Interactions_0': Costs
[2026/01/18 22:58:09   WARN]         [AssetStore|Interaction] Unused key(s) in '**Weapon_Staff_Wood_Kweebec_InteractionVars_Staff_Cast_Summon_Charged_Interactions_0': Costs
[2026/01/18 22:58:09   WARN]         [AssetStore|Interaction] Unused key(s) in '**Weapon_Staff_Wood_Rotten_InteractionVars_Staff_Cast_Summon_Charged_Interactions_0': Costs
[2026/01/18 22:58:09   WARN]         [AssetStore|Interaction] Unused key(s) in '**Weapon_Staff_Frost_InteractionVars_Staff_Cast_Summon_Charged_Interactions_0': Costs
[2026/01/18 22:58:09   WARN]         [AssetStore|Interaction] Unused key(s) in '**Template_Weapon_Shortbow_InteractionVars_Guard_Bash_Interactions_1': Effects, StatModifiers
[2026/01/18 22:58:09   WARN]         [AssetStore|Interaction] Unused key(s) in '**Weapon_Staff_Crystal_Purple_InteractionVars_Staff_Cast_Summon_Charged_Interactions_0': Costs
[2026/01/18 22:58:09   WARN]         [AssetStore|Interaction] Unused key(s) in '**Weapon_Staff_Crystal_Red_InteractionVars_Staff_Cast_Summon_Charged_Interactions_0': Costs
[2026/01/18 22:58:09   WARN]         [AssetStore|Interaction] Unused key(s) in '**Weapon_Staff_Wizard_InteractionVars_Staff_Cast_Summon_Charged_Interactions_0': Costs
[2026/01/18 22:58:09   WARN]         [AssetStore|Interaction] Unused key(s) in '**Weapon_Staff_Crystal_Fire_Trork_InteractionVars_Staff_Cast_Summon_Charged_Interactions_0': Costs
[2026/01/18 22:58:09   WARN]         [AssetStore|Interaction] Unused key(s) in '**Weapon_Staff_Bronze_InteractionVars_Staff_Cast_Summon_Charged_Interactions_0': Costs
[2026/01/18 22:58:09   WARN]         [AssetStore|Interaction] Unused key(s) in '**Weapon_Staff_Onyxium_InteractionVars_Staff_Cast_Summon_Charged_Interactions_0': Costs
[2026/01/18 22:58:09   WARN]         [AssetStore|Interaction] Unused key(s) in '**Weapon_Staff_Crystal_Flame_InteractionVars_Fireball_Impact_2_Interactions_0': EntityStatsOnHit
[2026/01/18 22:58:09   WARN]         [AssetStore|Interaction] Unused key(s) in '**Weapon_Staff_Bo_Wood_InteractionVars_Staff_Cast_Summon_Charged_Interactions_0': Costs
[2026/01/18 22:58:09   WARN]         [AssetStore|Interaction] Unused key(s) in '**Weapon_Staff_Crystal_Flame_InteractionVars_Fireball_Impact_3_Interactions_0': EntityStatsOnHit
[2026/01/18 22:58:09   WARN]         [AssetStore|Interaction] Unused key(s) in '**Weapon_Shield_Copper_InteractionVars_Guard_Bash_Interactions_0': Effects, StatModifiers
[2026/01/18 22:58:09   WARN]         [AssetStore|Interaction] Unused key(s) in '***Plant_Crop_Mushroom_Glowing_Orange_Interactions_Secondary_Interactions_0_Next': Effects
[2026/01/18 22:58:09   WARN]         [AssetStore|Interaction] Unused key(s) in '***Plant_Crop_Mushroom_Glowing_Red_Interactions_Secondary_Interactions_0_Next': Effects
[2026/01/18 22:58:09   WARN]         [AssetStore|Interaction] Unused key(s) in '***Plant_Crop_Mushroom_Glowing_Green_Interactions_Secondary_Interactions_0_Next': Effects
[2026/01/18 22:58:09   WARN]         [AssetStore|Interaction] Unused key(s) in '***Plant_Crop_Mushroom_Glowing_Violet_Interactions_Secondary_Interactions_0_Next': Effects
[2026/01/18 22:58:09   WARN]         [AssetStore|Interaction] Unused key(s) in '***Plant_Seaweed_Grass_Stack_Interactions_Secondary_Interactions_0_Next': Effects
[2026/01/18 22:58:09   WARN]         [AssetStore|Interaction] Unused key(s) in '***Plant_Crop_Mushroom_Glowing_Purple_Interactions_Secondary_Interactions_0_Next': Effects
[2026/01/18 22:58:09   WARN]         [AssetStore|Interaction] Unused key(s) in '***Plant_Crop_Mushroom_Glowing_Blue_Interactions_Secondary_Interactions_0_Next': Effects
[2026/01/18 22:58:10   WARN]      [AssetStore|GameplayConfig] Unused key(s) in 'Default' file /Server/GameplayConfigs/Default.json: Ping
[2026/01/18 22:58:10   WARN]      [AssetStore|GameplayConfig] Unused key(s) in 'Default_Instance' file /Server/GameplayConfigs/Default_Instance.json: Death.LoseItems
[2026/01/18 22:58:10   INFO]            [AssetRegistryLoader] Took 21sec 329ms 627us 469ns to load all assets
[2026/01/18 22:58:10   INFO]                         [Hytale] Loading NPC assets phase...
[2026/01/18 22:58:10   INFO]                          [NPC|P] Starting to load NPC builders!
[2026/01/18 22:58:10   WARN]                          [NPC|P] Replacing asset 'Test_Patrol_Path' of file '/Server/NPC/Roles/_Core/Tests_Development/Test_Patrol_Path.json' with other file '/Server/NPC/Roles/_Core/Tests/Paths/Test_Patrol_Path.json'
[2026/01/18 22:58:12   INFO]                          [NPC|P] Validating loaded NPC configurations...
[2026/01/18 22:58:13   WARN]                          [NPC|P] Animation Wave does not exist for model Temple_Mithril_Guard!
[2026/01/18 22:58:13   WARN]                          [NPC|P] Animation Eat does not exist for model Hatworm!
[2026/01/18 22:58:13   WARN]                          [NPC|P] Animation Curious does not exist for model Hatworm!
[2026/01/18 22:58:13   WARN]                          [NPC|P] Animation GreetAnimation does not exist for model Hatworm!
[2026/01/18 22:58:13   WARN]                          [NPC|P] Animation Sleep does not exist for model Wraith_Lantern!
[2026/01/18 22:58:13   WARN]                          [NPC|P] Animation Alerted does not exist for model Wraith_Lantern!
[2026/01/18 22:58:13   WARN]                          [NPC|P] Animation Laydown does not exist for model Wraith_Lantern!
[2026/01/18 22:58:13   WARN]                          [NPC|P] Animation Wake does not exist for model Wraith_Lantern!
[2026/01/18 22:58:13   WARN]                          [NPC|P] Animation Eat does not exist for model Spark_Living!
[2026/01/18 22:58:13   WARN]                          [NPC|P] Animation Curious does not exist for model Spark_Living!
[2026/01/18 22:58:13   WARN]                          [NPC|P] Animation GreetAnimation does not exist for model Spark_Living!
[2026/01/18 22:58:13   WARN]                          [NPC|P] Animation Eat does not exist for model Trillodon!
[2026/01/18 22:58:13   WARN]                          [NPC|P] Animation Curious does not exist for model Trillodon!
[2026/01/18 22:58:13   WARN]                          [NPC|P] Animation GreetAnimation does not exist for model Trillodon!
[2026/01/18 22:58:13   WARN]                          [NPC|P] Animation Wave does not exist for model Frog_Orange!
[2026/01/18 22:58:13   WARN]                          [NPC|P] Animation GreetAnimation does not exist for model Tortoise!
[2026/01/18 22:58:13   WARN]                          [NPC|P] Animation Rally does not exist for model Outlander_Sorcerer!
[2026/01/18 22:58:13   WARN]                          [NPC|P] Animation Sleep does not exist for model Slug_Magma!
[2026/01/18 22:58:13   WARN]                          [NPC|P] Animation Alerted does not exist for model Slug_Magma!
[2026/01/18 22:58:13   WARN]                          [NPC|P] Animation Laydown does not exist for model Slug_Magma!
[2026/01/18 22:58:13   WARN]                          [NPC|P] Animation Wake does not exist for model Slug_Magma!
[2026/01/18 22:58:13   WARN]                          [NPC|P] Animation Leap does not exist for model Goblin_Duke!
[2026/01/18 22:58:13   WARN]                          [NPC|P] Animation Alerted does not exist for model Scarak_Broodmother!
[2026/01/18 22:58:13   WARN]                          [NPC|P] Animation Leap does not exist for model Goblin_Duke!
[2026/01/18 22:58:13   WARN]                          [NPC|P] Animation Leap does not exist for model Goblin_Duke_Large!
[2026/01/18 22:58:13   WARN]                          [NPC|P] Animation Alerted does not exist for model Kweebec_Rootling!
[2026/01/18 22:58:13   WARN]                          [NPC|P] Animation Rally does not exist for model Outlander_Priest!
[2026/01/18 22:58:13   WARN]                          [NPC|P] Animation Alerted does not exist for model Scarak_Broodmother!
[2026/01/18 22:58:13   WARN]                          [NPC|P] Animation Wave does not exist for model Frog_Blue!
[2026/01/18 22:58:13   WARN]                          [NPC|P] Animation Eat does not exist for model Lizard_Sand!
[2026/01/18 22:58:13   WARN]                          [NPC|P] Animation Curious does not exist for model Lizard_Sand!
[2026/01/18 22:58:13   WARN]                          [NPC|P] Animation GreetAnimation does not exist for model Lizard_Sand!
[2026/01/18 22:58:13   WARN]                          [NPC|P] Animation Alerted does not exist for model Scarak_Broodmother!
[2026/01/18 22:58:13   WARN]                          [NPC|P] Animation Sleep does not exist for model Tuluk_Fisherman!
[2026/01/18 22:58:13   WARN]                          [NPC|P] Animation Alerted does not exist for model Tuluk_Fisherman!
[2026/01/18 22:58:13   WARN]                          [NPC|P] Animation Laydown does not exist for model Tuluk_Fisherman!
[2026/01/18 22:58:13   WARN]                          [NPC|P] Animation Wake does not exist for model Tuluk_Fisherman!
[2026/01/18 22:58:13   INFO]                          [NPC|P] Validation complete.
[2026/01/18 22:58:13   INFO]                          [NPC|P] Loaded 895 NPC configurations, Test: 243, Component: 143, Abstract: 50, Variant: 417, Generic: 44
[2026/01/18 22:58:13   INFO]                         [Hytale] Loading NPC assets phase completed! Boot time 34sec 765ms 679us 651ns, Took 3sec 266ms 410us 624ns
[2026/01/18 22:58:13   INFO]                         [Hytale] Validating Spawn assets phase...
[2026/01/18 22:58:13   INFO]                         [Hytale] Spawn assets validation phase completed! Boot time 34sec 767ms 474us 74ns, Took 1ms 310us 872ns
[2026/01/18 22:58:13   INFO]                   [I18nModule|P] Loaded 7639 entries for 'en-US' from /Server/Languages
[2026/01/18 22:58:13   INFO]                   [I18nModule|P] Loaded 51 entries from /Server/Languages/fallback.lang
[2026/01/18 22:58:13   INFO]                   [HytaleServer] Starting plugin manager...
[2026/01/18 22:58:13   INFO]                  [PluginManager] Enabled plugin Hytale:WorldLocationCondition
[2026/01/18 22:58:13   INFO]                  [PluginManager] Enabled plugin Hytale:ServerManager
[2026/01/18 22:58:13   INFO]                  [PluginManager] Enabled plugin Hytale:SprintForce
[2026/01/18 22:58:13   WARN]   [io.netty.bootstrap.Bootstrap] Unknown channel option 'IP_DONTFRAGMENT' for channel '[id: 0xc60fd8da]' of type 'class io.netty.channel.epoll.EpollDatagramChannel'
[2026/01/18 22:58:13   INFO]                  [PluginManager] Enabled plugin Hytale:MigrationModule
[2026/01/18 22:58:13   INFO]                  [PluginManager] Enabled plugin Hytale:AssetModule
[2026/01/18 22:58:13   INFO]                  [PluginManager] Enabled plugin Hytale:ConsoleModule
[2026/01/18 22:58:13   INFO]                  [PluginManager] Enabled plugin Hytale:TimeModule
[2026/01/18 22:58:13   INFO]                  [PluginManager] Enabled plugin Hytale:CollisionModule
[2026/01/18 22:58:13   INFO]                  [PluginManager] Enabled plugin Hytale:DebugPlugin
[2026/01/18 22:58:13   INFO]                  [PluginManager] Enabled plugin Hytale:SplitVelocity
[2026/01/18 22:58:13   INFO]                  [PluginManager] Enabled plugin Hytale:Model
[2026/01/18 22:58:13   INFO]                  [PluginManager] Enabled plugin Hytale:CrouchSlide
[2026/01/18 22:58:13   INFO]                [ServerManager|P] Listening on /[0:0:0:0:0:0:0:0]:5520 and took 20ms 267us 537ns
[2026/01/18 22:58:13   WARN]   [io.netty.bootstrap.Bootstrap] Unknown channel option 'IP_DONTFRAGMENT' for channel '[id: 0x11c4645b]' of type 'class io.netty.channel.epoll.EpollDatagramChannel'
[2026/01/18 22:58:13   INFO]                [ServerManager|P] Listening on /0.0.0.0:5520 and took 2ms 691us 895ns
[2026/01/18 22:58:13   WARN]   [io.netty.bootstrap.Bootstrap] Unknown channel option 'IP_DONTFRAGMENT' for channel '[id: 0x12e6aafa]' of type 'class io.netty.channel.epoll.EpollDatagramChannel'
[2026/01/18 22:58:13   INFO]                  [PluginManager] Enabled plugin Hytale:Universe
[2026/01/18 22:58:13   INFO]                  [PluginManager] Enabled plugin Hytale:TagSet
[2026/01/18 22:58:13   INFO]                [ServerManager|P] Listening on /[0:0:0:0:0:0:0:1]:5520 and took 1ms 289us 921ns
[2026/01/18 22:58:13   INFO]                  [PluginManager] Enabled plugin Hytale:AccessControlModule
[2026/01/18 22:58:13   INFO]                  [PluginManager] Enabled plugin Hytale:CommandMacro
[2026/01/18 22:58:13   INFO]                  [PluginManager] Enabled plugin Hytale:SafetyRoll
[2026/01/18 22:58:13   INFO]                  [PluginManager] Enabled plugin Hytale:HytaleGenerator
[2026/01/18 22:58:13   INFO]                  [PluginManager] Enabled plugin Hytale:ItemModule
[2026/01/18 22:58:13   INFO]                  [PluginManager] Enabled plugin Hytale:CommonAssetModule
[2026/01/18 22:58:13   INFO]                  [PluginManager] Enabled plugin Hytale:CosmeticsModule
[2026/01/18 22:58:13   INFO]                  [PluginManager] Enabled plugin Hytale:I18nModule
[2026/01/18 22:58:13   INFO]                  [PluginManager] Enabled plugin Hytale:LegacyModule
[2026/01/18 22:58:13   INFO]                  [PluginManager] Enabled plugin Hytale:LANDiscovery
[2026/01/18 22:58:13   INFO]                  [PluginManager] Enabled plugin Hytale:Mantling
[2026/01/18 22:58:13   INFO]                  [PluginManager] Enabled plugin Hytale:PermissionsModule
[2026/01/18 22:58:13   INFO]                  [PluginManager] Enabled plugin Hytale:Deployables
[2026/01/18 22:58:13   INFO]                  [PluginManager] Enabled plugin Hytale:BlockSetModule
[2026/01/18 22:58:13   INFO]                  [PluginManager] Enabled plugin Hytale:FlyCameraModule
[2026/01/18 22:58:13   INFO]                  [PluginManager] Enabled plugin Hytale:EntityModule
[2026/01/18 22:58:13   INFO]                  [PluginManager] Enabled plugin Hytale:BlockTick
[2026/01/18 22:58:13   INFO]                  [PluginManager] Enabled plugin Hytale:BlockHealthModule
[2026/01/18 22:58:13   INFO]                  [PluginManager] Enabled plugin Hytale:InteractionModule
[2026/01/18 22:58:13   INFO]                  [PluginManager] Enabled plugin Hytale:ServerPlayerListModule
[2026/01/18 22:58:13   INFO]                  [PluginManager] Enabled plugin Hytale:ConnectedBlocksModule
[2026/01/18 22:58:13   INFO]                  [PluginManager] Enabled plugin Hytale:BlockTypeModule
[2026/01/18 22:58:13   INFO]                  [PluginManager] Enabled plugin Hytale:BlockModule
[2026/01/18 22:58:13   INFO]                  [PluginManager] Enabled plugin Hytale:Weather
[2026/01/18 22:58:13   INFO]                  [PluginManager] Enabled plugin Hytale:Reputation
[2026/01/18 22:58:13   INFO]                  [PluginManager] Enabled plugin Hytale:Parkour
[2026/01/18 22:58:13   INFO]                  [PluginManager] Enabled plugin Hytale:ProjectileModule
[2026/01/18 22:58:13   INFO]                  [PluginManager] Enabled plugin Hytale:Teleport
[2026/01/18 22:58:13   INFO]                  [PluginManager] Enabled plugin Hytale:WorldGen
[2026/01/18 22:58:13   INFO]                  [PluginManager] Enabled plugin Hytale:BlockStateModule
[2026/01/18 22:58:13   INFO]                  [PluginManager] Enabled plugin Hytale:AssetEditor
[2026/01/18 22:58:13   INFO]                  [PluginManager] Enabled plugin Hytale:Ambience
[2026/01/18 22:58:13   INFO]                  [PluginManager] Enabled plugin Hytale:Teleporter
[2026/01/18 22:58:13   INFO]                  [PluginManager] Enabled plugin Hytale:BlockPhysics
[2026/01/18 22:58:13   INFO]                  [PluginManager] Enabled plugin Hytale:BuilderTools
[2026/01/18 22:58:13   INFO]                  [PluginManager] Enabled plugin Hytale:Farming
[2026/01/18 22:58:13   INFO]                  [PluginManager] Enabled plugin Hytale:Fluid
[2026/01/18 22:58:13   INFO]                  [World|default] Loading world 'default' with generator type: 'HytaleWorldGenProvider{name='Default', path='null'}' and chunk storage: 'DefaultChunkStorageProvider{DEFAULT=IndexedStorageChunkStorageProvider{}}'...
[2026/01/18 22:58:13   INFO]                [BarterShopState] Loaded barter shop state with 0 shops
[2026/01/18 22:58:13   INFO]                         [Shop|P] Barter shop state initialized
[2026/01/18 22:58:13   INFO]                  [PluginManager] Enabled plugin Hytale:Shop
[2026/01/18 22:58:13   INFO]                  [PluginManager] Enabled plugin Hytale:Crafting
[2026/01/18 22:58:13   INFO]                  [PluginManager] Enabled plugin Hytale:SingleplayerModule
[2026/01/18 22:58:13   INFO]                  [PluginManager] Enabled plugin Hytale:ShopReputation
[2026/01/18 22:58:13   INFO]                  [PluginManager] Enabled plugin Hytale:EntityStatsModule
[2026/01/18 22:58:13   INFO]                  [PluginManager] Enabled plugin Hytale:BlockSpawner
[2026/01/18 22:58:13   INFO]                  [PluginManager] Enabled plugin Hytale:PrefabSpawnerModule
[2026/01/18 22:58:13   INFO]                  [PluginManager] Enabled plugin Hytale:Instances
[2026/01/18 22:58:13   INFO]                  [PluginManager] Enabled plugin Hytale:Objectives
[2026/01/18 22:58:13   INFO]                  [PluginManager] Enabled plugin Hytale:Path
[2026/01/18 22:58:13   INFO]                  [PluginManager] Enabled plugin Hytale:EntityUIModule
[2026/01/18 22:58:13   INFO]                  [PluginManager] Enabled plugin Hytale:Stash
[2026/01/18 22:58:13   INFO]                  [PluginManager] Enabled plugin Hytale:StaminaModule
[2026/01/18 22:58:13   INFO]                  [PluginManager] Enabled plugin Hytale:ObjectiveShop
[2026/01/18 22:58:13   INFO]                  [PluginManager] Enabled plugin Hytale:ObjectiveReputation
[2026/01/18 22:58:13   INFO]                  [PluginManager] Enabled plugin Hytale:CreativeHub
[2026/01/18 22:58:13   INFO]                  [PluginManager] Enabled plugin Hytale:DamageModule
[2026/01/18 22:58:13   INFO]                  [PluginManager] Enabled plugin Hytale:Camera
[2026/01/18 22:58:13   INFO]                  [PluginManager] Enabled plugin Hytale:NPC
[2026/01/18 22:58:13   INFO]                  [PluginManager] Enabled plugin Hytale:Mounts
[2026/01/18 22:58:13   INFO]                  [PluginManager] Enabled plugin Hytale:Flock
[2026/01/18 22:58:13   INFO]                  [PluginManager] Enabled plugin Hytale:NPCEditor
[2026/01/18 22:58:13   INFO]                  [World|default] Added world 'default' - Seed: 1768776212645, GameTime: 0001-01-01T08:25:37.814775846Z
[2026/01/18 22:58:13   INFO]                  [PluginManager] Enabled plugin Hytale:Memories
[2026/01/18 22:58:13   INFO]                  [PluginManager] Enabled plugin Hytale:NPCShop
[2026/01/18 22:58:13   INFO]                  [PluginManager] Enabled plugin Hytale:Beds
[2026/01/18 22:58:13   INFO]                  [PluginManager] Enabled plugin Hytale:Portals
[2026/01/18 22:58:13   INFO]                  [PluginManager] Enabled plugin Hytale:NPCCombatActionEvaluator
[2026/01/18 22:58:13   INFO]                  [PluginManager] Enabled plugin Hytale:NPCReputation
[2026/01/18 22:58:13   INFO]                     [Spawning|P] Successfully set up 96 world spawn configurations
[2026/01/18 22:58:13   INFO]                     [Spawning|P] Successfully set up 75 beacon spawn configurations
[2026/01/18 22:58:13   INFO]                  [PluginManager] Enabled plugin Hytale:Spawning
[2026/01/18 22:58:13   INFO]                  [PluginManager] Enabled plugin Hytale:NPCObjectives
[2026/01/18 22:58:13   INFO]                   [HytaleServer] Plugin manager started! Startup time so far: 35sec 19ms 762us 364ns
[2026/01/18 22:58:13   INFO]                   [HytaleServer] Getting Hytale Universe ready...
[2026/01/18 22:58:14   INFO]                 [WorldGenerator] Set prefab-store to: ASSETS
[2026/01/18 22:58:16   INFO]                 [WorldGenerator] Initialized ChunkGenerator-0 executor
[2026/01/18 22:58:16   INFO]                 [WorldGenerator] Found location for unique zone 'Zone1_Spawn' -> Position: {-1704, 579}, Score: 82.32%, Time: 8ms
[2026/01/18 22:58:16   INFO]                 [WorldGenerator] Found location for unique zone 'Zone1_Temple' -> Position: {-1546, 772}, Score: 62.23%, Time: 1ms
[2026/01/18 22:58:16   INFO]                [World|default|M] Initializing world map generator: com.hypixel.hytale.server.worldgen.map.GeneratorChunkWorldMap@7aa87a61
[2026/01/18 22:58:16   INFO]                [World|default|M] Generating Points of Interest...
[2026/01/18 22:58:16   INFO]                [World|default|M] Finished Generating Points of Interest!
[2026/01/18 22:58:16   INFO]                     [Teleport|P] Loaded 0 warps (No warps.json found)
[2026/01/18 22:58:16   INFO]                   [HytaleServer] Universe ready!
[2026/01/18 22:58:16   INFO]                  [AssetModule|P] Total Loaded Assets: Interaction: 7125, RootInteraction: 5339, BlockType: 3947, Item: 3011, CraftingRecipe: 1612, ParticleSpawner: 1584, SoundEvent: 1156, ItemDropList: 741, ParticleSystem: 535, ModelAsset: 433, SpawnMarker: 243, BlockBoundingBoxes: 234, Condition: 228, ItemPlayerAnimations: 183, EntityEffect: 175, AmbienceFX: 167, TagPattern: 126, ResourceType: 124, Environment: 114, AssignmentsAsset: 111, ProjectileConfig: 111, WorldNPCSpawn: 96, AudioCategory: 93, CombatActionOption: 87, Weather: 86, Projectile: 86, PrefabListAsset: 77, BeaconNPCSpawn: 75, NPCGroup: 71, BiomeAsset: 67, Trail: 59, FlockAsset: 58, BlockSet: 55, BlockSoundSet: 53, CameraShake: 49, CameraEffect: 49, BalanceAsset: 48, BlockSpawnerTable: 46, BlockGroup: 43, ScriptedBrushAsset: 37, ItemSoundSet: 36, ModelVFX: 33, BlockParticleSet: 30, AttitudeGroup: 27, ReverbEffect: 22, Fluid: 15, DamageCause: 15, EntityStatType: 13, WorldStructureAsset: 12, ViewBobbing: 12, BlockTypeListAsset: 12, ItemQuality: 12, ObjectiveAsset: 12, ResponseCurve: 12, CustomConnectedBlockTemplateAsset: 11, BlockMigration: 10, DensityAsset: 9, MacroCommandBuilder: 8, ItemToolSpec: 7, PortalType: 5, GameplayConfig: 5, FluidFX: 5, ObjectiveLocationMarkerAsset: 4, ItemCategory: 4, BlockBreakingDecal: 4, GrowthModifierAsset: 4, UnarmedInteractions: 3, ItemReticleConfig: 3, EqualizerEffect: 3, SpawnSuppression: 3, MovementConfig: 3, HitboxCollisionConfig: 2, GameModeType: 2, EntityUIComponent: 2, BarterShopAsset: 2, ObjectiveLineAsset: 2, SoundSet: 2, RepulsionConfig: 2, PrefabEditorCreationSettings: 1, FieldcraftCategory: 1, BuilderToolItemReferenceAsset: 1, ReachLocationMarkerAsset: 1, ItemAttitudeGroup: 1, WordList: 1, FarmingCoopAsset: 1, SettingsAsset: 1, BlockMaskAsset: 0, ShopAsset: 0, ReputationGroup: 0, ReputationRank: 0, DeployableSpawner: 0
[2026/01/18 22:58:16   INFO]                   [HytaleServer] ===============================================================================================
[2026/01/18 22:58:16   INFO]                   [HytaleServer]          Hytale Server Booted! [Multiplayer] took 37sec 921ms 285us 734ns
[2026/01/18 22:58:16   INFO]                   [HytaleServer] ===============================================================================================
[2026/01/18 22:58:16   WARN]                   [HytaleServer] No server tokens configured. Use /auth login to authenticate.
Command not found! status
[2026/01/18 22:58:30   INFO]                 [CommandManager] Console executed command: help
[2026/01/18 22:58:45   INFO]                 [CommandManager] Console executed command: help
[2026/01/18 22:58:59   INFO]                 [CommandManager] Console executed command: auth login
Usage:  (Append --help to any subcommand!)
 login
    browser
    device
[2026/01/18 22:59:05   INFO]                 [CommandManager] Console executed command: auth login device
Starting OAuth2 device flow. Check console for verification URL.
[2026/01/18 22:59:05   INFO]                [AbstractCommand] ===================================================================
[2026/01/18 22:59:05   INFO]                [AbstractCommand] DEVICE AUTHORIZATION
[2026/01/18 22:59:05   INFO]                [AbstractCommand] ===================================================================
[2026/01/18 22:59:05   INFO]                [AbstractCommand] Visit: https://oauth.accounts.hytale.com/oauth2/device/verify
[2026/01/18 22:59:05   INFO]                [AbstractCommand] Enter code: CFXGTzFD
[2026/01/18 22:59:05   INFO]                [AbstractCommand] Or visit: https://oauth.accounts.hytale.com/oauth2/device/verify?user_code=CFXGTzFD
[2026/01/18 22:59:05   INFO]                [AbstractCommand] ===================================================================
[2026/01/18 22:59:05   INFO]                [AbstractCommand] Waiting for authorization (expires in 600 seconds)...
[2026/01/18 22:59:35   INFO]           [SessionServiceClient] Session Service client initialized for: https://sessions.hytale.com
[2026/01/18 22:59:35   INFO]           [SessionServiceClient] Fetching game profiles...
[2026/01/18 22:59:36   INFO]           [SessionServiceClient] Found 1 game profile(s)
[2026/01/18 22:59:36   INFO]              [ServerAuthManager] Auto-selected profile: YoshiHD4K (19ef65ff-f7ec-4815-a138-add2033617ec)
[2026/01/18 22:59:36   INFO]           [SessionServiceClient] Creating game session...
[2026/01/18 22:59:36   INFO]           [SessionServiceClient] Successfully created game session
[2026/01/18 22:59:36   INFO]              [ServerAuthManager] Token refresh scheduled in 3300 seconds
[2026/01/18 22:59:36   INFO]              [ServerAuthManager] Authentication successful! Mode: OAUTH_DEVICE
Authentication successful! Use '/auth status' to view details.
WARNING: Credentials stored in memory only - they will be lost on restart!
To persist credentials, run: /auth persistence <type>
Available types: Memory, Encrypted
[2026/01/18 23:00:06   INFO]                 [CommandManager] Console executed command: auth persistence Encrypted
[2026/01/18 23:00:06   INFO]              [ServerAuthManager] Swapped credential store to: EncryptedAuthCredentialStoreProvider
Credential storage changed to: Encrypted
[2026/01/18 23:10:03   INFO]                 [CommandManager] Console executed command: stop
Shutting down!
[2026/01/18 23:10:03   INFO]                   [HytaleServer] Shutdown triggered!!!
[2026/01/18 23:10:03   INFO]                   [HytaleServer] Shutting down... 0  'null'
[2026/01/18 23:10:03   INFO]                [ServerManager|P] Closed listener [id: 0xc60fd8da] and took 2ms 439us 796ns
[2026/01/18 23:10:03   INFO]                [ServerManager|P] Closed listener [id: 0x11c4645b] and took 823us 173ns
[2026/01/18 23:10:03   INFO]                [ServerManager|P] Closed listener [id: 0x12e6aafa] and took 781us 476ns
[2026/01/18 23:10:03   INFO]                  [World|default] Stopping world default...
[2026/01/18 23:10:03   INFO]                  [World|default] Stopping background threads...
[2026/01/18 23:10:03   INFO]                  [World|default] Removing players...
[2026/01/18 23:10:03   INFO]                  [World|default] Waiting for loading chunks...
[2026/01/18 23:10:03   INFO]                  [World|default] Shutting down stores...
[2026/01/18 23:10:03   INFO]                  [World|default] Shutting down chunk generator...
[2026/01/18 23:10:03   INFO]                 [WorldGenerator] ChunkGenerator-0 executor shutdown complete
[2026/01/18 23:10:03   INFO]                  [World|default] Saving Chunks...
[2026/01/18 23:10:03   INFO]                  [World|default] Queuing Chunks...
[2026/01/18 23:10:03   INFO]                  [World|default] Saving All Chunks...
[2026/01/18 23:10:03   INFO]                  [World|default] Waiting for Saving Chunks...
[2026/01/18 23:10:03   INFO]                  [World|default] Done Saving Chunks!
[2026/01/18 23:10:03   INFO]            [PlayerSavingSystems] Saving Players...
[2026/01/18 23:10:03   INFO]                  [World|default] Saving Config...
[2026/01/18 23:10:03   INFO]                     [Universe|P] Removing world exceptionally: default
[2026/01/18 23:10:03   INFO]                  [PluginManager] Saving plugins config...
[2026/01/18 23:10:03   INFO]                  [PluginManager] Shut down plugin Hytale:NPCObjectives
[2026/01/18 23:10:03   INFO]                  [PluginManager] Shut down plugin Hytale:Spawning
[2026/01/18 23:10:03   INFO]                  [PluginManager] Shut down plugin Hytale:NPCReputation
[2026/01/18 23:10:03   INFO]                  [PluginManager] Shut down plugin Hytale:NPCCombatActionEvaluator
[2026/01/18 23:10:03   INFO]                  [PluginManager] Shut down plugin Hytale:Portals
[2026/01/18 23:10:03   INFO]                  [PluginManager] Shut down plugin Hytale:Beds
[2026/01/18 23:10:03   INFO]                  [PluginManager] Shut down plugin Hytale:NPCShop
[2026/01/18 23:10:03   INFO]                  [PluginManager] Shut down plugin Hytale:Memories
[2026/01/18 23:10:03   INFO]                  [PluginManager] Shut down plugin Hytale:NPCEditor
[2026/01/18 23:10:03   INFO]                  [PluginManager] Shut down plugin Hytale:Flock
[2026/01/18 23:10:03   INFO]                  [PluginManager] Shut down plugin Hytale:Mounts
[2026/01/18 23:10:03   INFO]                  [PluginManager] Shut down plugin Hytale:NPC
[2026/01/18 23:10:03   INFO]                  [PluginManager] Shut down plugin Hytale:Camera
[2026/01/18 23:10:03   INFO]                  [PluginManager] Shut down plugin Hytale:DamageModule
[2026/01/18 23:10:03   INFO]                  [PluginManager] Shut down plugin Hytale:CreativeHub
[2026/01/18 23:10:03   INFO]                  [PluginManager] Shut down plugin Hytale:ObjectiveReputation
[2026/01/18 23:10:03   INFO]                  [PluginManager] Shut down plugin Hytale:ObjectiveShop
[2026/01/18 23:10:03   INFO]                  [PluginManager] Shut down plugin Hytale:StaminaModule
[2026/01/18 23:10:03   INFO]                  [PluginManager] Shut down plugin Hytale:Stash
[2026/01/18 23:10:03   INFO]                  [PluginManager] Shut down plugin Hytale:EntityUIModule
[2026/01/18 23:10:03   INFO]                  [PluginManager] Shut down plugin Hytale:Path
[2026/01/18 23:10:03   INFO]                  [PluginManager] Shut down plugin Hytale:Objectives
[2026/01/18 23:10:03   INFO]                  [PluginManager] Shut down plugin Hytale:Instances
[2026/01/18 23:10:03   INFO]                  [PluginManager] Shut down plugin Hytale:PrefabSpawnerModule
[2026/01/18 23:10:03   INFO]                  [PluginManager] Shut down plugin Hytale:BlockSpawner
[2026/01/18 23:10:03   INFO]                  [PluginManager] Shut down plugin Hytale:EntityStatsModule
[2026/01/18 23:10:03   INFO]                  [PluginManager] Shut down plugin Hytale:ShopReputation
[2026/01/18 23:10:03   INFO]                  [PluginManager] Shut down plugin Hytale:SingleplayerModule
[2026/01/18 23:10:03   INFO]                  [PluginManager] Shut down plugin Hytale:Crafting
[2026/01/18 23:10:03   INFO]                         [Shop|P] Barter shop state saved
[2026/01/18 23:10:03   INFO]                  [PluginManager] Shut down plugin Hytale:Shop
[2026/01/18 23:10:03   INFO]                  [PluginManager] Shut down plugin Hytale:Fluid
[2026/01/18 23:10:03   INFO]                  [PluginManager] Shut down plugin Hytale:Farming
[2026/01/18 23:10:03   INFO]                  [PluginManager] Shut down plugin Hytale:BuilderTools
[2026/01/18 23:10:03   INFO]                  [PluginManager] Shut down plugin Hytale:BlockPhysics
[2026/01/18 23:10:03   INFO]                  [PluginManager] Shut down plugin Hytale:Teleporter
[2026/01/18 23:10:03   INFO]                  [PluginManager] Shut down plugin Hytale:Ambience
[2026/01/18 23:10:03   INFO]                  [PluginManager] Shut down plugin Hytale:AssetEditor
[2026/01/18 23:10:03   INFO]                  [PluginManager] Shut down plugin Hytale:BlockStateModule
[2026/01/18 23:10:03   INFO]                  [PluginManager] Shut down plugin Hytale:WorldGen
[2026/01/18 23:10:03   INFO]                  [PluginManager] Shut down plugin Hytale:Teleport
[2026/01/18 23:10:03   INFO]                  [PluginManager] Shut down plugin Hytale:ProjectileModule
[2026/01/18 23:10:03   INFO]                  [PluginManager] Shut down plugin Hytale:Parkour
[2026/01/18 23:10:03   INFO]                  [PluginManager] Shut down plugin Hytale:Reputation
[2026/01/18 23:10:03   INFO]                  [PluginManager] Shut down plugin Hytale:Weather
[2026/01/18 23:10:03   INFO]                  [PluginManager] Shut down plugin Hytale:BlockModule
[2026/01/18 23:10:03   INFO]                  [PluginManager] Shut down plugin Hytale:BlockTypeModule
[2026/01/18 23:10:03   INFO]                  [PluginManager] Shut down plugin Hytale:ConnectedBlocksModule
[2026/01/18 23:10:03   INFO]                  [PluginManager] Shut down plugin Hytale:ServerPlayerListModule
[2026/01/18 23:10:03   INFO]                  [PluginManager] Shut down plugin Hytale:InteractionModule
[2026/01/18 23:10:03   INFO]                  [PluginManager] Shut down plugin Hytale:BlockHealthModule
[2026/01/18 23:10:03   INFO]                  [PluginManager] Shut down plugin Hytale:BlockTick
[2026/01/18 23:10:03   INFO]                  [PluginManager] Shut down plugin Hytale:EntityModule
[2026/01/18 23:10:03   INFO]                  [PluginManager] Shut down plugin Hytale:FlyCameraModule
[2026/01/18 23:10:03   INFO]                  [PluginManager] Shut down plugin Hytale:BlockSetModule
[2026/01/18 23:10:03   INFO]                  [PluginManager] Shut down plugin Hytale:Deployables
[2026/01/18 23:10:03   INFO]                  [PluginManager] Shut down plugin Hytale:PermissionsModule
[2026/01/18 23:10:03   INFO]                  [PluginManager] Shut down plugin Hytale:Mantling
[2026/01/18 23:10:03   INFO]                  [PluginManager] Shut down plugin Hytale:LANDiscovery
[2026/01/18 23:10:03   INFO]                  [PluginManager] Shut down plugin Hytale:LegacyModule
[2026/01/18 23:10:03   INFO]                  [PluginManager] Shut down plugin Hytale:I18nModule
[2026/01/18 23:10:03   INFO]                  [PluginManager] Shut down plugin Hytale:CosmeticsModule
[2026/01/18 23:10:03   INFO]                  [PluginManager] Shut down plugin Hytale:CommonAssetModule
[2026/01/18 23:10:03   INFO]                  [PluginManager] Shut down plugin Hytale:ItemModule
[2026/01/18 23:10:03   INFO]                  [PluginManager] Shut down plugin Hytale:HytaleGenerator
[2026/01/18 23:10:03   INFO]                  [PluginManager] Shut down plugin Hytale:SafetyRoll
[2026/01/18 23:10:03   INFO]                  [PluginManager] Shut down plugin Hytale:CommandMacro
[2026/01/18 23:10:03   INFO]                  [PluginManager] Shut down plugin Hytale:AccessControlModule
[2026/01/18 23:10:03   INFO]                  [PluginManager] Shut down plugin Hytale:TagSet
[2026/01/18 23:10:03   INFO]                  [PluginManager] Shut down plugin Hytale:Universe
[2026/01/18 23:10:03   INFO]                  [PluginManager] Shut down plugin Hytale:CrouchSlide
[2026/01/18 23:10:03   INFO]                  [PluginManager] Shut down plugin Hytale:Model
[2026/01/18 23:10:03   INFO]                  [PluginManager] Shut down plugin Hytale:SplitVelocity
[2026/01/18 23:10:03   INFO]                  [PluginManager] Shut down plugin Hytale:DebugPlugin
[2026/01/18 23:10:03   INFO]                  [PluginManager] Shut down plugin Hytale:CollisionModule
[2026/01/18 23:10:03   INFO]                  [PluginManager] Shut down plugin Hytale:TimeModule
[2026/01/18 23:10:03   INFO]                [ConsoleModule|P] Restoring terminal...
[2026/01/18 23:10:03   INFO]                  [PluginManager] Shut down plugin Hytale:ConsoleModule
[2026/01/18 23:10:03   INFO]              [PathWatcherThread] Stopped polling for changes in assets. Server will need to be rebooted to load changes!
[2026/01/18 23:10:03   INFO]                  [PluginManager] Shut down plugin Hytale:AssetModule
[2026/01/18 23:10:03   INFO]                  [PluginManager] Shut down plugin Hytale:MigrationModule
[2026/01/18 23:10:03   INFO]                  [PluginManager] Shut down plugin Hytale:SprintForce
[2026/01/18 23:10:03   INFO]                  [QUICTransport] Shutting down workerGroup...
[2026/01/18 23:10:03   INFO]                [ServerManager|P] Finished shutting down ServerManager...
[2026/01/18 23:10:03   INFO]                  [PluginManager] Shut down plugin Hytale:ServerManager
[2026/01/18 23:10:03   INFO]                  [PluginManager] Shut down plugin Hytale:WorldLocationCondition
[2026/01/18 23:10:03   INFO]           [SessionServiceClient] Terminating game session...
[2026/01/18 23:10:03   INFO]           [SessionServiceClient] Game session terminated
[2026/01/18 23:10:03   INFO]                   [HytaleServer] Saving config...
[2026/01/18 23:10:03   INFO]                   [HytaleServer] Shutdown completed!
